Determining if the function explicit_bzero exists in the c failed with the following output:
Change Dir: /Users/quinton/Desktop/cutcoin/CMakeFiles/CMakeTmp

Run Build Command(s):/usr/bin/make cmTC_82fe9/fast && /Applications/Xcode.app/Contents/Developer/usr/bin/make -f CMakeFiles/cmTC_82fe9.dir/build.make CMakeFiles/cmTC_82fe9.dir/build
Building C object CMakeFiles/cmTC_82fe9.dir/CheckFunctionExists.c.o
/Applications/Xcode.app/Contents/Developer/Toolchains/XcodeDefault.xctoolchain/usr/bin/cc   -DCHECK_FUNCTION_EXISTS=explicit_bzero -isysroot /Applications/Xcode.app/Contents/Developer/Platforms/MacOSX.platform/Developer/SDKs/MacOSX10.15.sdk -mmacosx-version-min=10.14   -o CMakeFiles/cmTC_82fe9.dir/CheckFunctionExists.c.o   -c /usr/local/Cellar/cmake/3.15.5/share/cmake/Modules/CheckFunctionExists.c
Linking C executable cmTC_82fe9
/usr/local/Cellar/cmake/3.15.5/bin/cmake -E cmake_link_script CMakeFiles/cmTC_82fe9.dir/link.txt --verbose=1
/Applications/Xcode.app/Contents/Developer/Toolchains/XcodeDefault.xctoolchain/usr/bin/cc  -DCHECK_FUNCTION_EXISTS=explicit_bzero -isysroot /Applications/Xcode.app/Contents/Developer/Platforms/MacOSX.platform/Developer/SDKs/MacOSX10.15.sdk -mmacosx-version-min=10.14 -Wl,-search_paths_first -Wl,-headerpad_max_install_names   CMakeFiles/cmTC_82fe9.dir/CheckFunctionExists.c.o  -o cmTC_82fe9  -L/Users/quinton/Desktop/cutcoin/CMakeFiles/CMakeTmp/strings.h -Wl,-rpath,/Users/quinton/Desktop/cutcoin/CMakeFiles/CMakeTmp/strings.h -lc 
ld: warning: directory not found for option '-L/Users/quinton/Desktop/cutcoin/CMakeFiles/CMakeTmp/strings.h'
Undefined symbols for architecture x86_64:
  "_explicit_bzero", referenced from:
      _main in CheckFunctionExists.c.o
ld: symbol(s) not found for architecture x86_64
clang: error: linker command failed with exit code 1 (use -v to see invocation)
make[1]: *** [cmTC_82fe9] Error 1
make: *** [cmTC_82fe9/fast] Error 2



Performing C SOURCE FILE Test _fstack_clash_protection_c failed with the following output:
Change Dir: /Users/quinton/Desktop/cutcoin/CMakeFiles/CMakeTmp

Run Build Command(s):/usr/bin/make cmTC_7d1e7/fast && /Applications/Xcode.app/Contents/Developer/usr/bin/make -f CMakeFiles/cmTC_7d1e7.dir/build.make CMakeFiles/cmTC_7d1e7.dir/build
Building C object CMakeFiles/cmTC_7d1e7.dir/src.c.o
/Applications/Xcode.app/Contents/Developer/Toolchains/XcodeDefault.xctoolchain/usr/bin/cc   -maes -march=native -fno-strict-aliasing -D_fstack_clash_protection_c -isysroot /Applications/Xcode.app/Contents/Developer/Platforms/MacOSX.platform/Developer/SDKs/MacOSX10.15.sdk -mmacosx-version-min=10.14   -fstack-clash-protection -o CMakeFiles/cmTC_7d1e7.dir/src.c.o   -c /Users/quinton/Desktop/cutcoin/CMakeFiles/CMakeTmp/src.c
clang: error: unknown argument: '-fstack-clash-protection'
make[1]: *** [CMakeFiles/cmTC_7d1e7.dir/src.c.o] Error 1
make: *** [cmTC_7d1e7/fast] Error 2


Source file was:
int main(void) { return 0; }
Performing C++ SOURCE FILE Test _fstack_clash_protection_cxx failed with the following output:
Change Dir: /Users/quinton/Desktop/cutcoin/CMakeFiles/CMakeTmp

Run Build Command(s):/usr/bin/make cmTC_65065/fast && /Applications/Xcode.app/Contents/Developer/usr/bin/make -f CMakeFiles/cmTC_65065.dir/build.make CMakeFiles/cmTC_65065.dir/build
Building CXX object CMakeFiles/cmTC_65065.dir/src.cxx.o
/Applications/Xcode.app/Contents/Developer/Toolchains/XcodeDefault.xctoolchain/usr/bin/c++    -march=x86-64 -fvisibility=default -maes -march=native -fno-strict-aliasing -D_fstack_clash_protection_cxx -isysroot /Applications/Xcode.app/Contents/Developer/Platforms/MacOSX.platform/Developer/SDKs/MacOSX10.15.sdk -mmacosx-version-min=10.14   -fstack-clash-protection -o CMakeFiles/cmTC_65065.dir/src.cxx.o -c /Users/quinton/Desktop/cutcoin/CMakeFiles/CMakeTmp/src.cxx
clang: error: unknown argument: '-fstack-clash-protection'
make[1]: *** [CMakeFiles/cmTC_65065.dir/src.cxx.o] Error 1
make: *** [cmTC_65065/fast] Error 2


Source file was:
int main() { return 0; }
Performing C SOURCE FILE Test _mmitigate_rop_c failed with the following output:
Change Dir: /Users/quinton/Desktop/cutcoin/CMakeFiles/CMakeTmp

Run Build Command(s):/usr/bin/make cmTC_a7d44/fast && /Applications/Xcode.app/Contents/Developer/usr/bin/make -f CMakeFiles/cmTC_a7d44.dir/build.make CMakeFiles/cmTC_a7d44.dir/build
Building C object CMakeFiles/cmTC_a7d44.dir/src.c.o
/Applications/Xcode.app/Contents/Developer/Toolchains/XcodeDefault.xctoolchain/usr/bin/cc   -maes -march=native -fno-strict-aliasing -D_mmitigate_rop_c -isysroot /Applications/Xcode.app/Contents/Developer/Platforms/MacOSX.platform/Developer/SDKs/MacOSX10.15.sdk -mmacosx-version-min=10.14   -mmitigate-rop -o CMakeFiles/cmTC_a7d44.dir/src.c.o   -c /Users/quinton/Desktop/cutcoin/CMakeFiles/CMakeTmp/src.c
clang: error: unknown argument: '-mmitigate-rop'
make[1]: *** [CMakeFiles/cmTC_a7d44.dir/src.c.o] Error 1
make: *** [cmTC_a7d44/fast] Error 2


Source file was:
int main(void) { return 0; }
Performing C++ SOURCE FILE Test _mmitigate_rop_cxx failed with the following output:
Change Dir: /Users/quinton/Desktop/cutcoin/CMakeFiles/CMakeTmp

Run Build Command(s):/usr/bin/make cmTC_4b8ed/fast && /Applications/Xcode.app/Contents/Developer/usr/bin/make -f CMakeFiles/cmTC_4b8ed.dir/build.make CMakeFiles/cmTC_4b8ed.dir/build
Building CXX object CMakeFiles/cmTC_4b8ed.dir/src.cxx.o
/Applications/Xcode.app/Contents/Developer/Toolchains/XcodeDefault.xctoolchain/usr/bin/c++    -march=x86-64 -fvisibility=default -maes -march=native -fno-strict-aliasing -D_mmitigate_rop_cxx -isysroot /Applications/Xcode.app/Contents/Developer/Platforms/MacOSX.platform/Developer/SDKs/MacOSX10.15.sdk -mmacosx-version-min=10.14   -mmitigate-rop -o CMakeFiles/cmTC_4b8ed.dir/src.cxx.o -c /Users/quinton/Desktop/cutcoin/CMakeFiles/CMakeTmp/src.cxx
clang: error: unknown argument: '-mmitigate-rop'
make[1]: *** [CMakeFiles/cmTC_4b8ed.dir/src.cxx.o] Error 1
make: *** [cmTC_4b8ed/fast] Error 2


Source file was:
int main() { return 0; }
Determining if the -Wl,-z,relro linker flag is supported failed with the following output:
Change Dir: /Users/quinton/Desktop/cutcoin/CMakeFiles/CMakeTmp

Run Build Command(s):/usr/bin/make cmTC_c93f9/fast && /Applications/Xcode.app/Contents/Developer/usr/bin/make -f CMakeFiles/cmTC_c93f9.dir/build.make CMakeFiles/cmTC_c93f9.dir/build
Building C object CMakeFiles/cmTC_c93f9.dir/CheckLinkerFlag.c.o
/Applications/Xcode.app/Contents/Developer/Toolchains/XcodeDefault.xctoolchain/usr/bin/cc   -Wl,-z,relro  -isysroot /Applications/Xcode.app/Contents/Developer/Platforms/MacOSX.platform/Developer/SDKs/MacOSX10.15.sdk -mmacosx-version-min=10.14   -Wl,-z,relro -o CMakeFiles/cmTC_c93f9.dir/CheckLinkerFlag.c.o   -c /Users/quinton/Desktop/cutcoin/cmake/CheckLinkerFlag.c
clang: warning: -Wl,-z,relro: 'linker' input unused [-Wunused-command-line-argument]
clang: warning: -Wl,-z,relro: 'linker' input unused [-Wunused-command-line-argument]
Linking C executable cmTC_c93f9
/usr/local/Cellar/cmake/3.15.5/bin/cmake -E cmake_link_script CMakeFiles/cmTC_c93f9.dir/link.txt --verbose=1
/Applications/Xcode.app/Contents/Developer/Toolchains/XcodeDefault.xctoolchain/usr/bin/cc -Wl,-z,relro  -isysroot /Applications/Xcode.app/Contents/Developer/Platforms/MacOSX.platform/Developer/SDKs/MacOSX10.15.sdk -mmacosx-version-min=10.14 -Wl,-search_paths_first -Wl,-headerpad_max_install_names   CMakeFiles/cmTC_c93f9.dir/CheckLinkerFlag.c.o  -o cmTC_c93f9 
ld: unknown option: -z
clang: error: linker command failed with exit code 1 (use -v to see invocation)
make[1]: *** [cmTC_c93f9] Error 1
make: *** [cmTC_c93f9/fast] Error 2



Determining if the -Wl,-z,now linker flag is supported failed with the following output:
Change Dir: /Users/quinton/Desktop/cutcoin/CMakeFiles/CMakeTmp

Run Build Command(s):/usr/bin/make cmTC_0f1fc/fast && /Applications/Xcode.app/Contents/Developer/usr/bin/make -f CMakeFiles/cmTC_0f1fc.dir/build.make CMakeFiles/cmTC_0f1fc.dir/build
Building C object CMakeFiles/cmTC_0f1fc.dir/CheckLinkerFlag.c.o
/Applications/Xcode.app/Contents/Developer/Toolchains/XcodeDefault.xctoolchain/usr/bin/cc   -Wl,-z,now  -isysroot /Applications/Xcode.app/Contents/Developer/Platforms/MacOSX.platform/Developer/SDKs/MacOSX10.15.sdk -mmacosx-version-min=10.14   -Wl,-z,now -o CMakeFiles/cmTC_0f1fc.dir/CheckLinkerFlag.c.o   -c /Users/quinton/Desktop/cutcoin/cmake/CheckLinkerFlag.c
clang: warning: -Wl,-z,now: 'linker' input unused [-Wunused-command-line-argument]
clang: warning: -Wl,-z,now: 'linker' input unused [-Wunused-command-line-argument]
Linking C executable cmTC_0f1fc
/usr/local/Cellar/cmake/3.15.5/bin/cmake -E cmake_link_script CMakeFiles/cmTC_0f1fc.dir/link.txt --verbose=1
/Applications/Xcode.app/Contents/Developer/Toolchains/XcodeDefault.xctoolchain/usr/bin/cc -Wl,-z,now  -isysroot /Applications/Xcode.app/Contents/Developer/Platforms/MacOSX.platform/Developer/SDKs/MacOSX10.15.sdk -mmacosx-version-min=10.14 -Wl,-search_paths_first -Wl,-headerpad_max_install_names   CMakeFiles/cmTC_0f1fc.dir/CheckLinkerFlag.c.o  -o cmTC_0f1fc 
ld: unknown option: -z
clang: error: linker command failed with exit code 1 (use -v to see invocation)
make[1]: *** [cmTC_0f1fc] Error 1
make: *** [cmTC_0f1fc/fast] Error 2



Determining if the -Wl,-z,noexecstack linker flag is supported failed with the following output:
Change Dir: /Users/quinton/Desktop/cutcoin/CMakeFiles/CMakeTmp

Run Build Command(s):/usr/bin/make cmTC_b6592/fast && /Applications/Xcode.app/Contents/Developer/usr/bin/make -f CMakeFiles/cmTC_b6592.dir/build.make CMakeFiles/cmTC_b6592.dir/build
Building C object CMakeFiles/cmTC_b6592.dir/CheckLinkerFlag.c.o
/Applications/Xcode.app/Contents/Developer/Toolchains/XcodeDefault.xctoolchain/usr/bin/cc   -Wl,-z,noexecstack  -isysroot /Applications/Xcode.app/Contents/Developer/Platforms/MacOSX.platform/Developer/SDKs/MacOSX10.15.sdk -mmacosx-version-min=10.14   -Wl,-z,noexecstack -o CMakeFiles/cmTC_b6592.dir/CheckLinkerFlag.c.o   -c /Users/quinton/Desktop/cutcoin/cmake/CheckLinkerFlag.c
clang: warning: -Wl,-z,noexecstack: 'linker' input unused [-Wunused-command-line-argument]
clang: warning: -Wl,-z,noexecstack: 'linker' input unused [-Wunused-command-line-argument]
Linking C executable cmTC_b6592
/usr/local/Cellar/cmake/3.15.5/bin/cmake -E cmake_link_script CMakeFiles/cmTC_b6592.dir/link.txt --verbose=1
/Applications/Xcode.app/Contents/Developer/Toolchains/XcodeDefault.xctoolchain/usr/bin/cc -Wl,-z,noexecstack  -isysroot /Applications/Xcode.app/Contents/Developer/Platforms/MacOSX.platform/Developer/SDKs/MacOSX10.15.sdk -mmacosx-version-min=10.14 -Wl,-search_paths_first -Wl,-headerpad_max_install_names   CMakeFiles/cmTC_b6592.dir/CheckLinkerFlag.c.o  -o cmTC_b6592 
ld: unknown option: -z
clang: error: linker command failed with exit code 1 (use -v to see invocation)
make[1]: *** [cmTC_b6592] Error 1
make: *** [cmTC_b6592/fast] Error 2



Determining if the -Wl,-z,noexecheap linker flag is supported failed with the following output:
Change Dir: /Users/quinton/Desktop/cutcoin/CMakeFiles/CMakeTmp

Run Build Command(s):/usr/bin/make cmTC_40709/fast && /Applications/Xcode.app/Contents/Developer/usr/bin/make -f CMakeFiles/cmTC_40709.dir/build.make CMakeFiles/cmTC_40709.dir/build
Building C object CMakeFiles/cmTC_40709.dir/CheckLinkerFlag.c.o
/Applications/Xcode.app/Contents/Developer/Toolchains/XcodeDefault.xctoolchain/usr/bin/cc   -Wl,-z,noexecheap  -isysroot /Applications/Xcode.app/Contents/Developer/Platforms/MacOSX.platform/Developer/SDKs/MacOSX10.15.sdk -mmacosx-version-min=10.14   -Wl,-z,noexecheap -o CMakeFiles/cmTC_40709.dir/CheckLinkerFlag.c.o   -c /Users/quinton/Desktop/cutcoin/cmake/CheckLinkerFlag.c
clang: warning: -Wl,-z,noexecheap: 'linker' input unused [-Wunused-command-line-argument]
clang: warning: -Wl,-z,noexecheap: 'linker' input unused [-Wunused-command-line-argument]
Linking C executable cmTC_40709
/usr/local/Cellar/cmake/3.15.5/bin/cmake -E cmake_link_script CMakeFiles/cmTC_40709.dir/link.txt --verbose=1
/Applications/Xcode.app/Contents/Developer/Toolchains/XcodeDefault.xctoolchain/usr/bin/cc -Wl,-z,noexecheap  -isysroot /Applications/Xcode.app/Contents/Developer/Platforms/MacOSX.platform/Developer/SDKs/MacOSX10.15.sdk -mmacosx-version-min=10.14 -Wl,-search_paths_first -Wl,-headerpad_max_install_names   CMakeFiles/cmTC_40709.dir/CheckLinkerFlag.c.o  -o cmTC_40709 
ld: unknown option: -z
clang: error: linker command failed with exit code 1 (use -v to see invocation)
make[1]: *** [cmTC_40709] Error 1
make: *** [cmTC_40709/fast] Error 2



